<?xml version="1.0" encoding="UTF-8"?>
<!-- Generated by org.testng.reporters.JUnitReportReporter -->
<testsuite hostname="DESKTOP-3F6N7KO" failures="0" tests="1" name="tutorialsNinjaPackage.RegisterTest" time="0.610" errors="0" timestamp="2024-06-11T14:34:58 IST" skipped="0">
  <testcase classname="tutorialsNinjaPackage.RegisterTest" name="dp" time="0.610"/>
  <system-out/>
</testsuite> <!-- tutorialsNinjaPackage.RegisterTest -->
