<?xml version="1.0" encoding="UTF-8"?>
<!-- Generated by org.testng.reporters.JUnitReportReporter -->
<testsuite hostname="SaadiqaPC" failures="0" tests="1" name="Demo.SimpleIllustrations" time="0.081" errors="0" timestamp="2024-06-15T15:22:40 IST" skipped="0">
  <testcase classname="Demo.SimpleIllustrations" name="getTestClassName" time="0.081"/>
  <system-out/>
</testsuite> <!-- Demo.SimpleIllustrations -->
