<?xml version="1.0" encoding="UTF-8"?>
<!-- Generated by org.testng.reporters.JUnitReportReporter -->
<testsuite hostname="SaadiqaPC" failures="0" tests="1" name="tutorialsNinjaWebPages.EditInformationPage" time="0.017" errors="0" timestamp="2024-06-19T13:46:08 IST" skipped="0">
  <testcase classname="tutorialsNinjaWebPages.EditInformationPage" name="r" time="0.017"/>
  <system-out/>
</testsuite> <!-- tutorialsNinjaWebPages.EditInformationPage -->
