<?xml version="1.0" encoding="UTF-8"?>
<!-- Generated by org.testng.reporters.JUnitReportReporter -->
<testsuite hostname="DESKTOP-3F6N7KO" failures="0" tests="1" name="tutorialsNinjaTests.BaseClass" time="0.049" errors="0" timestamp="2024-06-13T16:48:22 IST" skipped="0">
  <testcase classname="tutorialsNinjaTests.BaseClass" name="demo" time="0.049"/>
  <system-out/>
</testsuite> <!-- tutorialsNinjaTests.BaseClass -->
